<?xml version="1.0" encoding="UTF-8"?>
<!-- Generated by org.testng.reporters.JUnitReportReporter -->
<testsuite skipped="0" hostname="DESKTOP-SC2D3TA" name="tditsolutions.tests.HomePageTest" tests="2" failures="0" timestamp="2022-11-30T21:44:29 IST" time="9.873" errors="0">
  <testcase name="Verify_Homepage" time="5.854" classname="tditsolutions.tests.HomePageTest"/>
  <testcase name="Verify_Homepage" time="4.019" classname="tditsolutions.tests.HomePageTest"/>
</testsuite> <!-- tditsolutions.tests.HomePageTest -->
