<?xml version="1.0" encoding="UTF-8"?>
<!-- Generated by org.testng.reporters.JUnitReportReporter -->
<testsuite skipped="0" hostname="DESKTOP-SC2D3TA" name="tditsolutions.tests.LoginPageTest" tests="2" failures="0" timestamp="2022-11-30T21:44:29 IST" time="21.877" errors="0">
  <testcase name="Verify_DoLoginPage" time="10.218" classname="tditsolutions.tests.LoginPageTest"/>
  <testcase name="Verify_DoLoginPage" time="11.659" classname="tditsolutions.tests.LoginPageTest"/>
</testsuite> <!-- tditsolutions.tests.LoginPageTest -->
