<?xml version="1.0" encoding="UTF-8"?>
<!-- Generated by org.testng.reporters.JUnitReportReporter -->
<testsuite skipped="0" hostname="DESKTOP-SC2D3TA" name="tditsolutions.pages.AddSecurityPage" tests="1" failures="0" timestamp="2022-11-25T12:08:21 IST" time="3.198" errors="0">
  <testcase name="AddSecurity" time="3.198" classname="tditsolutions.pages.AddSecurityPage"/>
</testsuite> <!-- tditsolutions.pages.AddSecurityPage -->
