<?xml version="1.0" encoding="UTF-8"?>
<!-- Generated by org.testng.reporters.JUnitReportReporter -->
<testsuite skipped="0" hostname="DESKTOP-SC2D3TA" name="tditsolutions.tests.UpdateAccountTest" tests="1" failures="0" timestamp="2022-11-30T22:17:03 IST" time="16.041" errors="0">
  <testcase name="verify_validation_Message" time="16.041" classname="tditsolutions.tests.UpdateAccountTest"/>
</testsuite> <!-- tditsolutions.tests.UpdateAccountTest -->
